<?xml version="1.0" encoding="UTF-8"?>
<beans xmlns="http://www.springframework.org/schema/beans"
       xmlns:p="http://www.springframework.org/schema/p"
       xmlns:mongo="http://www.springframework.org/schema/data/mongo"
       xmlns:xsi="http://www.w3.org/2001/XMLSchema-instance"
       xsi:schemaLocation="
       http://www.springframework.org/schema/beans http://www.springframework.org/schema/beans/spring-beans-3.1.xsd
       http://www.springframework.org/schema/data/mongo http://www.springframework.org/schema/data/mongo/spring-mongo-1.0.xsd">


    <mongo:mongo host="localhost" port="27017" />

    <mongo:db-factory id="mongoDbFactory" dbname="authtest" write-concern="SAFE" />

    <mongo:mapping-converter id="mappingConverter">
        <mongo:custom-converters>
            <mongo:converter>
                <bean class="cz.cvut.authserver.oauth2.mongo.ClientDetailsReadConverter" />
            </mongo:converter>
            <mongo:converter>
                <bean class="cz.cvut.authserver.oauth2.mongo.ClientDetailsWriteConverter" />
            </mongo:converter>
            <mongo:converter>
                <bean class="cz.cvut.authserver.oauth2.mongo.PersistableAccessTokenReadConverter" />
            </mongo:converter>
            <mongo:converter>
                <bean class="cz.cvut.authserver.oauth2.mongo.PersistableAccessTokenWriteConverter" />
            </mongo:converter>
        </mongo:custom-converters>
    </mongo:mapping-converter>
    
    <bean id="mongoTemplate" class="org.springframework.data.mongodb.core.MongoTemplate">
        <constructor-arg name="mongoDbFactory" ref="mongoDbFactory" />
        <constructor-arg name="mongoConverter" ref="mappingConverter" />
        <property name="writeResultChecking" value="EXCEPTION" />
    </bean>

</beans>
